-------------------------------------------------------------------------------
Test set: gb.example.service_and_repair_app.auth_service.ContractVerificationTest
-------------------------------------------------------------------------------
Tests run: 2, Failures: 0, Errors: 2, Skipped: 0, Time elapsed: 17.78 s <<< FAILURE! -- in gb.example.service_and_repair_app.auth_service.ContractVerificationTest
gb.example.service_and_repair_app.auth_service.ContractVerificationTest.testPactVerification(PactVerificationContext) -- Time elapsed: 2.456 s <<< ERROR!
org.junit.jupiter.api.extension.ParameterResolutionException: No ParameterResolver registered for parameter [au.com.dius.pact.provider.junit5.PactVerificationContext context] in method [void gb.example.service_and_repair_app.auth_service.ContractVerificationTest.setup(au.com.dius.pact.provider.junit5.PactVerificationContext)].
	at java.base/java.util.ArrayList.forEach(ArrayList.java:1511)
	at java.base/java.util.ArrayList.forEach(ArrayList.java:1511)

gb.example.service_and_repair_app.auth_service.ContractVerificationTest.pactVerificationTestTemplate(PactVerificationContext) -- Time elapsed: 3.186 s <<< ERROR!
au.com.dius.pact.provider.junitsupport.loader.NoPactsFoundException: 
No Pact files were found to verify
Provider: auth_service
Source: Directory(pacts)
	at au.com.dius.pact.provider.junit5.PactVerificationInvocationContextProvider.provideTestTemplateInvocationContexts(PactJUnit5VerificationProvider.kt:50)
	at au.com.dius.pact.provider.spring.junit5.PactVerificationSpringProvider.provideTestTemplateInvocationContexts(PactVerificationSpringProvider.kt:24)
	at java.base/java.util.stream.ReferencePipeline$7$1.accept(ReferencePipeline.java:273)
	at java.base/java.util.ArrayList$ArrayListSpliterator.forEachRemaining(ArrayList.java:1625)
	at java.base/java.util.stream.AbstractPipeline.copyInto(AbstractPipeline.java:509)
	at java.base/java.util.stream.AbstractPipeline.wrapAndCopyInto(AbstractPipeline.java:499)
	at java.base/java.util.stream.ForEachOps$ForEachOp.evaluateSequential(ForEachOps.java:150)
	at java.base/java.util.stream.ForEachOps$ForEachOp$OfRef.evaluateSequential(ForEachOps.java:173)
	at java.base/java.util.stream.AbstractPipeline.evaluate(AbstractPipeline.java:234)
	at java.base/java.util.stream.ReferencePipeline.forEach(ReferencePipeline.java:596)
	at java.base/java.util.ArrayList.forEach(ArrayList.java:1511)
	at java.base/java.util.ArrayList.forEach(ArrayList.java:1511)

